{
  "RSpec": {
    "coverage": {
      "/Users/student/Desktop/Projects/bank_tech_test/spec/account_spec.rb": [
        null,
        null,
        1,
        null,
        1,
        10,
        null,
        1,
        null,
        1,
        1,
        null,
        1,
        1,
        null,
        null,
        1,
        1,
        1,
        1,
        null,
        1,
        1,
        1,
        1,
        null,
        1,
        1,
        1,
        1,
        null,
        null,
        null,
        1,
        1,
        1,
        1,
        1,
        null,
        1,
        1,
        1,
        1,
        1,
        null,
        1,
        1,
        1,
        1,
        null,
        1,
        1,
        2,
        null,
        null,
        null
      ],
      "/Users/student/Desktop/Projects/bank_tech_test/lib/account.rb": [
        null,
        null,
        1,
        null,
        1,
        1,
        null,
        1,
        11,
        11,
        null,
        null,
        1,
        11,
        null,
        10,
        10,
        null,
        null,
        1,
        6,
        5,
        null,
        4,
        4,
        null,
        null,
        1,
        null,
        1,
        10,
        null,
        null,
        1,
        4,
        null,
        null,
        1,
        14,
        null,
        null
      ],
      "/Users/student/Desktop/Projects/bank_tech_test/spec/account_statement_spec.rb": [
        null,
        null,
        1,
        null,
        1,
        2,
        null,
        1,
        null,
        1,
        1,
        1,
        1,
        null,
        null
      ],
      "/Users/student/Desktop/Projects/bank_tech_test/lib/account_statement.rb": [
        null,
        null,
        1,
        null,
        1,
        1,
        2,
        null,
        null,
        1,
        null,
        1,
        2,
        null,
        null,
        1,
        4,
        null,
        null
      ],
      "/Users/student/Desktop/Projects/bank_tech_test/spec/features/account_management_spec.rb": [
        1,
        null,
        1,
        1,
        1,
        1,
        null,
        1,
        1,
        1,
        1,
        1,
        null,
        null
      ]
    },
    "timestamp": 1574200615
  }
}
