{
  "RSpec": {
    "coverage": {
      "/Users/student/Desktop/Projects/bank_tech_test/spec/account_spec.rb": [
        null,
        null,
        1,
        null,
        1,
        7,
        null,
        1,
        null,
        1,
        1,
        null,
        1,
        1,
        null,
        null,
        1,
        1,
        1,
        1,
        null,
        1,
        1,
        1,
        1,
        null,
        null,
        null,
        1,
        1,
        1,
        1,
        1,
        null,
        1,
        1,
        1,
        1,
        1,
        null,
        null,
        null
      ],
      "/Users/student/Desktop/Projects/bank_tech_test/lib/account.rb": [
        null,
        null,
        1,
        1,
        null,
        1,
        6,
        6,
        null,
        null,
        1,
        5,
        5,
        null,
        null,
        1,
        3,
        3,
        null,
        null,
        1,
        null,
        1,
        5,
        null,
        null,
        1,
        3,
        null,
        null,
        1,
        8,
        null,
        null
      ]
    },
    "timestamp": 1574110895
  }
}
